<?xml version="1.0" encoding="UTF-8"?>
<!-- Generated by org.testng.reporters.JUnitReportReporter -->
<testsuite hostname="Paresh" failures="0" tests="3" name="WebPageTest" time="47.138" errors="0" timestamp="2024-11-29T16:14:08 IST" skipped="0">
  <testcase classname="WebPageTest" name="testHomePage" time="17.381"/>
  <testcase classname="WebPageTest" name="testHomePage" time="14.168"/>
  <testcase classname="WebPageTest" name="testHomePage" time="15.589"/>
</testsuite> <!-- WebPageTest -->
