<?xml version="1.0" encoding="UTF-8"?>
<!-- Generated by org.testng.reporters.JUnitReportReporter -->
<testsuite hostname="Paresh" failures="0" tests="3" name="WebPageTest" time="40.128" errors="0" timestamp="2024-11-29T17:56:06 IST" skipped="0">
  <testcase classname="WebPageTest" name="testHomePage" time="8.851"/>
  <testcase classname="WebPageTest" name="testHomePage" time="14.409"/>
  <testcase classname="WebPageTest" name="testHomePage" time="16.868"/>
</testsuite> <!-- WebPageTest -->
